This is XeTeX, Version 3.141592653-2.6-0.999993 (TeX Live 2021) (preloaded format=xelatex 2021.9.25)  21 OCT 2021 19:31
entering extended mode
 restricted \write18 enabled.
 file:line:error style messages enabled.
 %&-line parsing enabled.
**第二次实验报告
(./第二次实验报告.tex
LaTeX2e <2020-10-01> patch level 4
L3 programming layer <2021-02-18> (./IEEEtran.cls
Document Class: IEEEtran 2015/08/26 V1.8b by Michael Shell
-- See the "IEEEtran_HOWTO" manual for usage information.
-- http://www.michaelshell.org/tex/ieeetran/
\@IEEEtrantmpdimenA=\dimen138
\@IEEEtrantmpdimenB=\dimen139
\@IEEEtrantmpdimenC=\dimen140
\@IEEEtrantmpcountA=\count175
\@IEEEtrantmpcountB=\count176
\@IEEEtrantmpcountC=\count177
\@IEEEtrantmptoksA=\toks15
LaTeX Font Info:    Trying to load font information for TU+ptm on input line 503.
LaTeX Font Info:    No file TUptm.fd. on input line 503.

LaTeX Font Warning: Font shape `TU/ptm/m/n' undefined
(Font)              using `TU/lmr/m/n' instead on input line 503.

-- Using 8.5in x 11in (letter) paper.
-- Using DVI output.
\@IEEEnormalsizeunitybaselineskip=\dimen141
-- This is a 10 point document.
\CLASSINFOnormalsizebaselineskip=\dimen142
\CLASSINFOnormalsizeunitybaselineskip=\dimen143
\IEEEnormaljot=\dimen144

LaTeX Font Warning: Font shape `TU/ptm/bx/n' undefined
(Font)              using `TU/ptm/m/n' instead on input line 1090.


LaTeX Font Warning: Font shape `TU/ptm/m/it' undefined
(Font)              using `TU/ptm/m/n' instead on input line 1090.


LaTeX Font Warning: Font shape `TU/ptm/bx/it' undefined
(Font)              using `TU/ptm/bx/n' instead on input line 1090.

\IEEEquantizedlength=\dimen145
\IEEEquantizedlengthdiff=\dimen146
\IEEEquantizedtextheightdiff=\dimen147
\IEEEilabelindentA=\dimen148
\IEEEilabelindentB=\dimen149
\IEEEilabelindent=\dimen150
\IEEEelabelindent=\dimen151
\IEEEdlabelindent=\dimen152
\IEEElabelindent=\dimen153
\IEEEiednormlabelsep=\dimen154
\IEEEiedmathlabelsep=\dimen155
\IEEEiedtopsep=\skip47
\c@section=\count178
\c@subsection=\count179
\c@subsubsection=\count180
\c@paragraph=\count181
\c@IEEEsubequation=\count182
\abovecaptionskip=\skip48
\belowcaptionskip=\skip49
\c@figure=\count183
\c@table=\count184
\@IEEEeqnnumcols=\count185
\@IEEEeqncolcnt=\count186
\@IEEEsubeqnnumrollback=\count187
\@IEEEquantizeheightA=\dimen156
\@IEEEquantizeheightB=\dimen157
\@IEEEquantizeheightC=\dimen158
\@IEEEquantizeprevdepth=\dimen159
\@IEEEquantizemultiple=\count188
\@IEEEquantizeboxA=\box47
\@IEEEtmpitemindent=\dimen160
\IEEEPARstartletwidth=\dimen161
\c@IEEEbiography=\count189
\@IEEEtranrubishbin=\box48
)
** ATTENTION: Overriding command lockouts (line 2).
(/usr/local/texlive/2021/texmf-dist/tex/latex/cite/cite.sty
LaTeX Info: Redefining \cite on input line 302.
LaTeX Info: Redefining \nocite on input line 332.
Package: cite 2015/02/27  v 5.5
) (/usr/local/texlive/2021/texmf-dist/tex/latex/amsmath/amsmath.sty
Package: amsmath 2020/09/23 v2.17i AMS math features
\@mathmargin=\skip50

For additional information on amsmath, use the `?' option.
(/usr/local/texlive/2021/texmf-dist/tex/latex/amsmath/amstext.sty
Package: amstext 2000/06/29 v2.01 AMS text
 (/usr/local/texlive/2021/texmf-dist/tex/latex/amsmath/amsgen.sty
File: amsgen.sty 1999/11/30 v2.0 generic functions
\@emptytoks=\toks16
\ex@=\dimen162
)) (/usr/local/texlive/2021/texmf-dist/tex/latex/amsmath/amsbsy.sty
Package: amsbsy 1999/11/29 v1.2d Bold Symbols
\pmbraise@=\dimen163
) (/usr/local/texlive/2021/texmf-dist/tex/latex/amsmath/amsopn.sty
Package: amsopn 2016/03/08 v2.02 operator names
)
\inf@bad=\count190
LaTeX Info: Redefining \frac on input line 234.
\uproot@=\count191
\leftroot@=\count192
LaTeX Info: Redefining \overline on input line 399.
\classnum@=\count193
\DOTSCASE@=\count194
LaTeX Info: Redefining \ldots on input line 496.
LaTeX Info: Redefining \dots on input line 499.
LaTeX Info: Redefining \cdots on input line 620.
\Mathstrutbox@=\box49
\strutbox@=\box50
\big@size=\dimen164
LaTeX Font Info:    Redeclaring font encoding OML on input line 743.
LaTeX Font Info:    Redeclaring font encoding OMS on input line 744.
\macc@depth=\count195
\c@MaxMatrixCols=\count196
\dotsspace@=\muskip16
\c@parentequation=\count197
\dspbrk@lvl=\count198
\tag@help=\toks17
\row@=\count199
\column@=\count266
\maxfields@=\count267
\andhelp@=\toks18
\eqnshift@=\dimen165
\alignsep@=\dimen166
\tagshift@=\dimen167
\tagwidth@=\dimen168
\totwidth@=\dimen169
\lineht@=\dimen170
\@envbody=\toks19
\multlinegap=\skip51
\multlinetaggap=\skip52
\mathdisplay@stack=\toks20
LaTeX Info: Redefining \[ on input line 2923.
LaTeX Info: Redefining \] on input line 2924.
) (/usr/local/texlive/2021/texmf-dist/tex/latex/amsfonts/amssymb.sty
Package: amssymb 2013/01/14 v3.01 AMS font symbols
 (/usr/local/texlive/2021/texmf-dist/tex/latex/amsfonts/amsfonts.sty
Package: amsfonts 2013/01/14 v3.01 Basic AMSFonts support
\symAMSa=\mathgroup4
\symAMSb=\mathgroup5
LaTeX Font Info:    Redeclaring math symbol \hbar on input line 98.
LaTeX Font Info:    Overwriting math alphabet `\mathfrak' in version `bold'
(Font)                  U/euf/m/n --> U/euf/b/n on input line 106.
)) (/usr/local/texlive/2021/texmf-dist/tex/latex/algorithms/algorithmic.sty
Invalid UTF-8 byte or sequence at line 11 replaced by U+FFFD.
Package: algorithmic 2009/08/24 v0.1 Document Style `algorithmic'
 (/usr/local/texlive/2021/texmf-dist/tex/latex/base/ifthen.sty
Package: ifthen 2014/09/29 v1.1c Standard LaTeX ifthen package (DPC)
) (/usr/local/texlive/2021/texmf-dist/tex/latex/graphics/keyval.sty
Package: keyval 2014/10/28 v1.15 key=value parser (DPC)
\KV@toks@=\toks21
)
\c@ALC@unique=\count268
\c@ALC@line=\count269
\c@ALC@rem=\count270
\c@ALC@depth=\count271
\ALC@tlm=\skip53
\algorithmicindent=\skip54
) (/usr/local/texlive/2021/texmf-dist/tex/latex/graphics/graphicx.sty
Package: graphicx 2020/09/09 v1.2b Enhanced LaTeX Graphics (DPC,SPQR)
 (/usr/local/texlive/2021/texmf-dist/tex/latex/graphics/graphics.sty
Package: graphics 2020/08/30 v1.4c Standard LaTeX Graphics (DPC,SPQR)
 (/usr/local/texlive/2021/texmf-dist/tex/latex/graphics/trig.sty
Package: trig 2016/01/03 v1.10 sin cos tan (DPC)
) (/usr/local/texlive/2021/texmf-dist/tex/latex/graphics-cfg/graphics.cfg
File: graphics.cfg 2016/06/04 v1.11 sample graphics configuration
)
Package graphics Info: Driver file: xetex.def on input line 105.
 (/usr/local/texlive/2021/texmf-dist/tex/latex/graphics-def/xetex.def
File: xetex.def 2021/03/18 v5.0k Graphics/color driver for xetex
))
\Gin@req@height=\dimen171
\Gin@req@width=\dimen172
) (/usr/local/texlive/2021/texmf-dist/tex/latex/base/textcomp.sty
Package: textcomp 2020/02/02 v2.0n Standard LaTeX package
) (/usr/local/texlive/2021/texmf-dist/tex/latex/xcolor/xcolor.sty
Package: xcolor 2016/05/11 v2.12 LaTeX color extensions (UK)
 (/usr/local/texlive/2021/texmf-dist/tex/latex/graphics-cfg/color.cfg
File: color.cfg 2016/01/02 v1.6 sample color configuration
)
Package xcolor Info: Driver file: xetex.def on input line 225.
Package xcolor Info: Model `cmy' substituted by `cmy0' on input line 1348.
Package xcolor Info: Model `RGB' extended on input line 1364.
Package xcolor Info: Model `HTML' substituted by `rgb' on input line 1366.
Package xcolor Info: Model `Hsb' substituted by `hsb' on input line 1367.
Package xcolor Info: Model `tHsb' substituted by `hsb' on input line 1368.
Package xcolor Info: Model `HSB' substituted by `hsb' on input line 1369.
Package xcolor Info: Model `Gray' substituted by `gray' on input line 1370.
Package xcolor Info: Model `wave' substituted by `hsb' on input line 1371.
) (/usr/local/texlive/2021/texmf-dist/tex/latex/ctex/ctex.sty (/usr/local/texlive/2021/texmf-dist/tex/latex/l3kernel/expl3.sty
Package: expl3 2021-02-18 L3 programming layer (loader) 
 (/usr/local/texlive/2021/texmf-dist/tex/latex/l3backend/l3backend-xetex.def
File: l3backend-xetex.def 2021-03-18 L3 backend support: XeTeX
 (|extractbb --version)
\c__kernel_sys_dvipdfmx_version_int=\count272
\l__color_backend_stack_int=\count273
\g__color_backend_stack_int=\count274
\g__graphics_track_int=\count275
\l__pdf_internal_box=\box51
\g__pdf_backend_object_int=\count276
\g__pdf_backend_annotation_int=\count277
\g__pdf_backend_link_int=\count278
))
Package: ctex 2021/03/14 v2.5.6 Chinese adapter in LaTeX (CTEX)
 (/usr/local/texlive/2021/texmf-dist/tex/latex/l3packages/xparse/xparse.sty (/usr/local/texlive/2021/texmf-dist/tex/latex/l3packages/xparse/xparse-2020-10-01.sty (/usr/local/texlive/2021/texmf-dist/tex/latex/l3packages/xparse/xparse-generic.tex))) (/usr/local/texlive/2021/texmf-dist/tex/latex/l3packages/l3keys2e/l3keys2e.sty
Package: l3keys2e 2021-03-12 LaTeX2e option processing using LaTeX3 keys
) (/usr/local/texlive/2021/texmf-dist/tex/latex/ctex/ctexhook.sty
Package: ctexhook 2021/03/14 v2.5.6 Document and package hooks (CTEX)
) (/usr/local/texlive/2021/texmf-dist/tex/latex/ctex/ctexpatch.sty
Package: ctexpatch 2021/03/14 v2.5.6 Patching commands (CTEX)
) (/usr/local/texlive/2021/texmf-dist/tex/latex/base/fix-cm.sty
Package: fix-cm 2015/01/14 v1.1t fixes to LaTeX
 (/usr/local/texlive/2021/texmf-dist/tex/latex/base/ts1enc.def
File: ts1enc.def 2001/06/05 v3.0e (jk/car/fm) Standard LaTeX file
LaTeX Font Info:    Redeclaring font encoding TS1 on input line 47.
)) (/usr/local/texlive/2021/texmf-dist/tex/latex/everysel/everysel.sty
Package: everysel 2021/01/20 v2.1 EverySelectfont Package (MS)
 (/usr/local/texlive/2021/texmf-dist/tex/latex/everysel/everysel-2011-10-28.sty))
\l__ctex_tmp_int=\count279
\l__ctex_tmp_box=\box52
\l__ctex_tmp_dim=\dimen173
\g__ctex_section_depth_int=\count280
\g__ctex_font_size_int=\count281
 (/usr/local/texlive/2021/texmf-dist/tex/latex/ctex/config/ctexopts.cfg
File: ctexopts.cfg 2021/03/14 v2.5.6 Option configuration file (CTEX)
) (/usr/local/texlive/2021/texmf-dist/tex/latex/ctex/engine/ctex-engine-xetex.def
File: ctex-engine-xetex.def 2021/03/14 v2.5.6 XeLaTeX adapter (CTEX)
 (/usr/local/texlive/2021/texmf-dist/tex/xelatex/xecjk/xeCJK.sty
Package: xeCJK 2020/10/19 v3.8.6 Typesetting CJK scripts with XeLaTeX
 (/usr/local/texlive/2021/texmf-dist/tex/latex/l3packages/xtemplate/xtemplate.sty
Package: xtemplate 2021-03-12 L3 Experimental prototype document functions
\l__xtemplate_tmp_dim=\dimen174
\l__xtemplate_tmp_int=\count282
\l__xtemplate_tmp_muskip=\muskip17
\l__xtemplate_tmp_skip=\skip55
)
\l__xeCJK_tmp_int=\count283
\l__xeCJK_tmp_box=\box53
\l__xeCJK_tmp_dim=\dimen175
\l__xeCJK_tmp_skip=\skip56
\g__xeCJK_space_factor_int=\count284
\l__xeCJK_begin_int=\count285
\l__xeCJK_end_int=\count286
\c__xeCJK_CJK_class_int=\XeTeXcharclass1
\c__xeCJK_FullLeft_class_int=\XeTeXcharclass2
\c__xeCJK_FullRight_class_int=\XeTeXcharclass3
\c__xeCJK_HalfLeft_class_int=\XeTeXcharclass4
\c__xeCJK_HalfRight_class_int=\XeTeXcharclass5
\c__xeCJK_NormalSpace_class_int=\XeTeXcharclass6
\c__xeCJK_CM_class_int=\XeTeXcharclass7
\c__xeCJK_HangulJamo_class_int=\XeTeXcharclass8
\l__xeCJK_last_skip=\skip57
\g__xeCJK_node_int=\count287
\c__xeCJK_CJK_node_dim=\dimen176
\c__xeCJK_CJK-space_node_dim=\dimen177
\c__xeCJK_default_node_dim=\dimen178
\c__xeCJK_default-space_node_dim=\dimen179
\c__xeCJK_CJK-widow_node_dim=\dimen180
\c__xeCJK_normalspace_node_dim=\dimen181
\l__xeCJK_ccglue_skip=\skip58
\l__xeCJK_ecglue_skip=\skip59
\l__xeCJK_punct_kern_skip=\skip60
\l__xeCJK_last_penalty_int=\count288
\l__xeCJK_last_bound_dim=\dimen182
\l__xeCJK_last_kern_dim=\dimen183
\l__xeCJK_widow_penalty_int=\count289

Package xtemplate Info: Declaring object type 'xeCJK/punctuation' taking 0
(xtemplate)             argument(s) on line 2341.

\l__xeCJK_fixed_punct_width_dim=\dimen184
\l__xeCJK_mixed_punct_width_dim=\dimen185
\l__xeCJK_middle_punct_width_dim=\dimen186
\l__xeCJK_fixed_margin_width_dim=\dimen187
\l__xeCJK_mixed_margin_width_dim=\dimen188
\l__xeCJK_middle_margin_width_dim=\dimen189
\l__xeCJK_bound_punct_width_dim=\dimen190
\l__xeCJK_bound_margin_width_dim=\dimen191
\l__xeCJK_margin_minimum_dim=\dimen192
\l__xeCJK_kerning_total_width_dim=\dimen193
\l__xeCJK_same_align_margin_dim=\dimen194
\l__xeCJK_different_align_margin_dim=\dimen195
\l__xeCJK_kerning_margin_width_dim=\dimen196
\l__xeCJK_kerning_margin_minimum_dim=\dimen197
\l__xeCJK_bound_dim=\dimen198
\l__xeCJK_reverse_bound_dim=\dimen199
\l__xeCJK_margin_dim=\dimen256
\l__xeCJK_minimum_bound_dim=\dimen257
\l__xeCJK_kerning_margin_dim=\dimen258
\g__xeCJK_family_int=\count290
\l__xeCJK_fam_int=\count291
\g__xeCJK_fam_allocation_int=\count292
\l__xeCJK_verb_case_int=\count293
\l__xeCJK_verb_exspace_skip=\skip61
 (/usr/local/texlive/2021/texmf-dist/tex/latex/fontspec/fontspec.sty
Package: fontspec 2020/02/21 v2.7i Font selection for XeLaTeX and LuaLaTeX
 (/usr/local/texlive/2021/texmf-dist/tex/latex/fontspec/fontspec-xetex.sty
Package: fontspec-xetex 2020/02/21 v2.7i Font selection for XeLaTeX and LuaLaTeX
\l__fontspec_script_int=\count294
\l__fontspec_language_int=\count295
\l__fontspec_strnum_int=\count296
\l__fontspec_tmp_int=\count297
\l__fontspec_tmpa_int=\count298
\l__fontspec_tmpb_int=\count299
\l__fontspec_tmpc_int=\count300
\l__fontspec_em_int=\count301
\l__fontspec_emdef_int=\count302
\l__fontspec_strong_int=\count303
\l__fontspec_strongdef_int=\count304
\l__fontspec_tmpa_dim=\dimen259
\l__fontspec_tmpb_dim=\dimen260
\l__fontspec_tmpc_dim=\dimen261
 (/usr/local/texlive/2021/texmf-dist/tex/latex/base/fontenc.sty
Package: fontenc 2020/08/10 v2.0s Standard LaTeX package
) (/usr/local/texlive/2021/texmf-dist/tex/latex/fontspec/fontspec.cfg))) (/usr/local/texlive/2021/texmf-dist/tex/xelatex/xecjk/xeCJK.cfg
File: xeCJK.cfg 2020/10/19 v3.8.6 Configuration file for xeCJK package
))
\ccwd=\dimen262
\l__ctex_ccglue_skip=\skip62
)
\l__ctex_ziju_dim=\dimen263
 (/usr/local/texlive/2021/texmf-dist/tex/latex/zhnumber/zhnumber.sty
Package: zhnumber 2020/05/01 v2.8 Typesetting numbers with Chinese glyphs
\l__zhnum_scale_int=\count305
 (/usr/local/texlive/2021/texmf-dist/tex/latex/zhnumber/zhnumber-utf8.cfg
File: zhnumber-utf8.cfg 2020/05/01 v2.8 Chinese numerals with UTF8 encoding
)) (/usr/local/texlive/2021/texmf-dist/tex/latex/ctex/scheme/ctex-scheme-chinese.def
File: ctex-scheme-chinese.def 2021/03/14 v2.5.6 Chinese scheme for generic (CTEX)
 (/usr/local/texlive/2021/texmf-dist/tex/latex/ctex/config/ctex-name-utf8.cfg
File: ctex-name-utf8.cfg 2021/03/14 v2.5.6 Caption with encoding UTF-8 (CTEX)
)) (/usr/local/texlive/2021/texmf-dist/tex/latex/ctex/ctex-c5size.clo
File: ctex-c5size.clo 2021/03/14 v2.5.6 c5size option (CTEX)
) (/usr/local/texlive/2021/texmf-dist/tex/latex/ctex/fontset/ctex-fontset-mac.def
File: ctex-fontset-mac.def 2021/03/14 v2.5.6 macOS fonts definition (CTEX)
 (/usr/local/texlive/2021/texmf-dist/tex/latex/ctex/fontset/ctex-fontset-macnew.def
File: ctex-fontset-macnew.def 2021/03/14 v2.5.6 macOS fonts definition for El Capitan or later version (CTEX)


Package fontspec Warning: Font "Songti SC Light" does not contain requested
(fontspec)                Script "CJK".


Package fontspec Info: Font family 'SongtiSCLight(0)' created for font 'Songti
(fontspec)             SC Light' with options
(fontspec)             [Script={CJK},BoldItalicFont={Kaiti SC
(fontspec)             Bold},BoldFont={Songti SC Bold},ItalicFont={Kaiti SC}].
(fontspec)              
(fontspec)              This font family consists of the following NFSS
(fontspec)             series/shapes:
(fontspec)              
(fontspec)             - 'normal' (m/n) with NFSS spec.: <->"Songti SC
(fontspec)             Light/OT:language=dflt;"
(fontspec)             - 'small caps'  (m/sc) with NFSS spec.: 
(fontspec)             - 'bold' (b/n) with NFSS spec.: <->"Songti SC
(fontspec)             Bold/OT:language=dflt;"
(fontspec)             - 'bold small caps'  (b/sc) with NFSS spec.: 
(fontspec)             - 'italic' (m/it) with NFSS spec.: <->"Kaiti
(fontspec)             SC/OT:language=dflt;"
(fontspec)             - 'italic small caps'  (m/scit) with NFSS spec.: 
(fontspec)             - 'bold italic' (b/it) with NFSS spec.: <->"Kaiti SC
(fontspec)             Bold/OT:language=dflt;"
(fontspec)             - 'bold italic small caps'  (b/scit) with NFSS spec.: 

))) (/usr/local/texlive/2021/texmf-dist/tex/latex/ctex/config/ctex.cfg
File: ctex.cfg 2021/03/14 v2.5.6 Configuration file (CTEX)
) (/usr/local/texlive/2021/texmf-dist/tex/latex/listings/listings.sty
\lst@mode=\count306
\lst@gtempboxa=\box54
\lst@token=\toks22
\lst@length=\count307
\lst@currlwidth=\dimen264
\lst@column=\count308
\lst@pos=\count309
\lst@lostspace=\dimen265
\lst@width=\dimen266
\lst@newlines=\count310
\lst@lineno=\count311
\lst@maxwidth=\dimen267
 (/usr/local/texlive/2021/texmf-dist/tex/latex/listings/lstmisc.sty
File: lstmisc.sty 2020/03/24 1.8d (Carsten Heinz)
\c@lstnumber=\count312
\lst@skipnumbers=\count313
\lst@framebox=\box55
) (/usr/local/texlive/2021/texmf-dist/tex/latex/listings/listings.cfg
File: listings.cfg 2020/03/24 1.8d listings configuration
))
Package: listings 2020/03/24 1.8d (Carsten Heinz)
 (/usr/local/texlive/2021/texmf-dist/tex/xelatex/xecjk/xeCJK-listings.sty
Package: xeCJK-listings 2020/10/19 v3.8.6 xeCJK patch file for listings
\l__xeCJK_listings_max_char_int=\count314
\l__xeCJK_listings_flag_int=\count315
) (/usr/local/texlive/2021/texmf-dist/tex/latex/pxfonts/pxfonts.sty
Package: pxfonts 2008/01/22 v1.1.1
LaTeX Font Info:    Redeclaring symbol font `operators' on input line 21.
LaTeX Font Info:    Overwriting symbol font `operators' in version `normal'
(Font)                  OT1/cmr/m/n --> OT1/pxr/m/n on input line 21.
LaTeX Font Info:    Overwriting symbol font `operators' in version `bold'
(Font)                  OT1/cmr/bx/n --> OT1/pxr/m/n on input line 21.
LaTeX Font Info:    Overwriting symbol font `operators' in version `bold'
(Font)                  OT1/pxr/m/n --> OT1/pxr/bx/n on input line 22.
\symitalic=\mathgroup6
LaTeX Font Info:    Overwriting symbol font `italic' in version `bold'
(Font)                  OT1/pxr/m/it --> OT1/pxr/bx/it on input line 26.
LaTeX Font Info:    Redeclaring math alphabet \mathbf on input line 29.
LaTeX Font Info:    Overwriting math alphabet `\mathbf' in version `normal'
(Font)                  OT1/cmr/bx/n --> OT1/pxr/bx/n on input line 29.
LaTeX Font Info:    Overwriting math alphabet `\mathbf' in version `bold'
(Font)                  OT1/cmr/bx/n --> OT1/pxr/bx/n on input line 29.
LaTeX Font Info:    Redeclaring math alphabet \mathit on input line 30.
LaTeX Font Info:    Overwriting math alphabet `\mathit' in version `normal'
(Font)                  OT1/cmr/m/it --> OT1/pxr/m/it on input line 30.
LaTeX Font Info:    Overwriting math alphabet `\mathit' in version `bold'
(Font)                  OT1/cmr/bx/it --> OT1/pxr/m/it on input line 30.
LaTeX Font Info:    Overwriting math alphabet `\mathit' in version `bold'
(Font)                  OT1/pxr/m/it --> OT1/pxr/bx/it on input line 31.
LaTeX Font Info:    Redeclaring math alphabet \mathsf on input line 40.
LaTeX Font Info:    Overwriting math alphabet `\mathsf' in version `normal'
(Font)                  OT1/cmss/m/n --> OT1/pxss/m/n on input line 40.
LaTeX Font Info:    Overwriting math alphabet `\mathsf' in version `bold'
(Font)                  OT1/cmss/bx/n --> OT1/pxss/m/n on input line 40.
LaTeX Font Info:    Overwriting math alphabet `\mathsf' in version `bold'
(Font)                  OT1/pxss/m/n --> OT1/pxss/b/n on input line 41.
LaTeX Font Info:    Redeclaring math alphabet \mathtt on input line 50.
LaTeX Font Info:    Overwriting math alphabet `\mathtt' in version `normal'
(Font)                  OT1/cmtt/m/n --> OT1/pxtt/m/n on input line 50.
LaTeX Font Info:    Overwriting math alphabet `\mathtt' in version `bold'
(Font)                  OT1/cmtt/m/n --> OT1/pxtt/m/n on input line 50.
LaTeX Font Info:    Overwriting math alphabet `\mathtt' in version `bold'
(Font)                  OT1/pxtt/m/n --> OT1/pxtt/b/n on input line 51.
LaTeX Font Info:    Redeclaring symbol font `letters' on input line 58.
LaTeX Font Info:    Overwriting symbol font `letters' in version `normal'
(Font)                  OML/cmm/m/it --> OML/pxmi/m/it on input line 58.
LaTeX Font Info:    Overwriting symbol font `letters' in version `bold'
(Font)                  OML/cmm/b/it --> OML/pxmi/m/it on input line 58.
LaTeX Font Info:    Overwriting symbol font `letters' in version `bold'
(Font)                  OML/pxmi/m/it --> OML/pxmi/bx/it on input line 59.
\symlettersA=\mathgroup7
LaTeX Font Info:    Overwriting symbol font `lettersA' in version `bold'
(Font)                  U/pxmia/m/it --> U/pxmia/bx/it on input line 67.
LaTeX Font Info:    Redeclaring math alphabet \mathfrak on input line 70.
LaTeX Font Info:    Redeclaring symbol font `symbols' on input line 77.
LaTeX Font Info:    Overwriting symbol font `symbols' in version `normal'
(Font)                  OMS/cmsy/m/n --> OMS/pxsy/m/n on input line 77.
LaTeX Font Info:    Overwriting symbol font `symbols' in version `bold'
(Font)                  OMS/cmsy/b/n --> OMS/pxsy/m/n on input line 77.
LaTeX Font Info:    Overwriting symbol font `symbols' in version `bold'
(Font)                  OMS/pxsy/m/n --> OMS/pxsy/bx/n on input line 78.
LaTeX Font Info:    Redeclaring symbol font `AMSa' on input line 93.
LaTeX Font Info:    Overwriting symbol font `AMSa' in version `normal'
(Font)                  U/msa/m/n --> U/pxsya/m/n on input line 93.
LaTeX Font Info:    Overwriting symbol font `AMSa' in version `bold'
(Font)                  U/msa/m/n --> U/pxsya/m/n on input line 93.
LaTeX Font Info:    Overwriting symbol font `AMSa' in version `bold'
(Font)                  U/pxsya/m/n --> U/pxsya/bx/n on input line 94.
LaTeX Font Info:    Redeclaring symbol font `AMSb' on input line 102.
LaTeX Font Info:    Overwriting symbol font `AMSb' in version `normal'
(Font)                  U/msb/m/n --> U/pxsyb/m/n on input line 102.
LaTeX Font Info:    Overwriting symbol font `AMSb' in version `bold'
(Font)                  U/msb/m/n --> U/pxsyb/m/n on input line 102.
LaTeX Font Info:    Overwriting symbol font `AMSb' in version `bold'
(Font)                  U/pxsyb/m/n --> U/pxsyb/bx/n on input line 103.
\symsymbolsC=\mathgroup8
LaTeX Font Info:    Overwriting symbol font `symbolsC' in version `bold'
(Font)                  U/pxsyc/m/n --> U/pxsyc/bx/n on input line 113.
LaTeX Font Info:    Redeclaring symbol font `largesymbols' on input line 120.
LaTeX Font Info:    Overwriting symbol font `largesymbols' in version `normal'
(Font)                  OMX/cmex/m/n --> OMX/pxex/m/n on input line 120.
LaTeX Font Info:    Overwriting symbol font `largesymbols' in version `bold'
(Font)                  OMX/cmex/m/n --> OMX/pxex/m/n on input line 120.
LaTeX Font Info:    Overwriting symbol font `largesymbols' in version `bold'
(Font)                  OMX/pxex/m/n --> OMX/pxex/bx/n on input line 121.
\symlargesymbolsA=\mathgroup9
LaTeX Font Info:    Overwriting symbol font `largesymbolsA' in version `bold'
(Font)                  U/pxexa/m/n --> U/pxexa/bx/n on input line 129.
LaTeX Font Info:    Redeclaring math symbol \mathsterling on input line 164.
LaTeX Info: Redefining \not on input line 997.
) (/usr/local/texlive/2021/texmf-dist/tex/latex/listings/lstlang1.sty
File: lstlang1.sty 2020/03/24 1.8d listings language file
)
LaTeX Font Info:    Trying to load font information for TU+pxr on input line 38.
LaTeX Font Info:    No file TUpxr.fd. on input line 38.


LaTeX Font Warning: Font shape `TU/pxr/m/n' undefined
(Font)              using `TU/lmr/m/n' instead on input line 38.

(./第二次实验报告.aux)
\openout1 = `第二次实验报告.aux'.

LaTeX Font Info:    Checking defaults for OML/pxmi/m/it on input line 38.
LaTeX Font Info:    Trying to load font information for OML+pxmi on input line 38.
 (/usr/local/texlive/2021/texmf-dist/tex/latex/pxfonts/omlpxmi.fd
File: omlpxmi.fd 2000/12/14 v1.0
)
LaTeX Font Info:    ... okay on input line 38.
LaTeX Font Info:    Checking defaults for OMS/pxsy/m/n on input line 38.
LaTeX Font Info:    Trying to load font information for OMS+pxsy on input line 38.
 (/usr/local/texlive/2021/texmf-dist/tex/latex/pxfonts/omspxsy.fd
File: omspxsy.fd 2000/12/14 v1.0
)
LaTeX Font Info:    ... okay on input line 38.
LaTeX Font Info:    Checking defaults for OT1/cmr/m/n on input line 38.
LaTeX Font Info:    ... okay on input line 38.
LaTeX Font Info:    Checking defaults for T1/cmr/m/n on input line 38.
LaTeX Font Info:    ... okay on input line 38.
LaTeX Font Info:    Checking defaults for TS1/cmr/m/n on input line 38.
LaTeX Font Info:    ... okay on input line 38.
LaTeX Font Info:    Checking defaults for TU/lmr/m/n on input line 38.
LaTeX Font Info:    ... okay on input line 38.
LaTeX Font Info:    Checking defaults for OMX/pxex/m/n on input line 38.
LaTeX Font Info:    Trying to load font information for OMX+pxex on input line 38.
 (/usr/local/texlive/2021/texmf-dist/tex/latex/pxfonts/omxpxex.fd
File: omxpxex.fd 2000/12/14 v1.0
)
LaTeX Font Info:    ... okay on input line 38.
LaTeX Font Info:    Checking defaults for U/pxexa/m/n on input line 38.
LaTeX Font Info:    Trying to load font information for U+pxexa on input line 38.
 (/usr/local/texlive/2021/texmf-dist/tex/latex/pxfonts/upxexa.fd
File: upxexa.fd 2000/12/14 v1.0
)
LaTeX Font Info:    ... okay on input line 38.


LaTeX Font Warning: Font shape `TU/pxr/b/n' undefined
(Font)              using `TU/pxr/m/n' instead on input line 38.


LaTeX Font Warning: Font shape `TU/pxr/m/it' undefined
(Font)              using `TU/pxr/m/n' instead on input line 38.


LaTeX Font Warning: Font shape `TU/pxr/b/it' undefined
(Font)              using `TU/pxr/b/n' instead on input line 38.

-- Lines per column: 41 (approximate, difference = 2.34192pt).
ABD: EverySelectfont initializing macros
LaTeX Info: Redefining \selectfont on input line 38.
\c@lstlisting=\count316


LaTeX Font Warning: Font shape `TU/pxr/m/sc' undefined
(Font)              using `TU/pxr/m/n' instead on input line 68.


LaTeX Font Warning: Font shape `TU/SongtiSCLight(0)/m/sc' undefined
(Font)              using `TU/SongtiSCLight(0)/m/n' instead on input line 68.

LaTeX Font Info:    Trying to load font information for OT1+pxr on input line 70.
(/usr/local/texlive/2021/texmf-dist/tex/latex/pxfonts/ot1pxr.fd
File: ot1pxr.fd 2000/12/14 v1.0
)
LaTeX Font Info:    Trying to load font information for U+pxsya on input line 70.
 (/usr/local/texlive/2021/texmf-dist/tex/latex/pxfonts/upxsya.fd
File: upxsya.fd 2000/12/14 v1.0
)
LaTeX Font Info:    Trying to load font information for U+pxsyb on input line 70.
 (/usr/local/texlive/2021/texmf-dist/tex/latex/pxfonts/upxsyb.fd
File: utxsyb.fd 2000/12/14 v1.0
)
LaTeX Font Info:    Trying to load font information for U+pxmia on input line 70.
 (/usr/local/texlive/2021/texmf-dist/tex/latex/pxfonts/upxmia.fd
File: upxmia.fd 2000/12/14 v1.0
)
LaTeX Font Info:    Trying to load font information for U+pxsyc on input line 70.
 (/usr/local/texlive/2021/texmf-dist/tex/latex/pxfonts/upxsyc.fd
File: upxsyc.fd 2000/12/14 v1.0
)
Missing character: There is no ; (U+037E) in font [lmroman10-regular]:mapping=tex-text;!
Missing character: There is no ; (U+037E) in font [lmroman10-regular]:mapping=tex-text;!
File: pic1.png Graphic file (type bmp)
<pic1.png>
File: pic2.png Graphic file (type bmp)
<pic2.png>
 [1


]
File: pic3.png Graphic file (type bmp)
<pic3.png>
File: pic4.png Graphic file (type bmp)
<pic4.png>
 [2]
File: pic5.png Graphic file (type bmp)
<pic5.png>
File: pic6.png Graphic file (type bmp)
<pic6.png>


Package fontspec Warning: Font "STFangsong" does not contain requested Script
(fontspec)                "CJK".


Package fontspec Info: Could not resolve font "STFangsong/BI" (it probably
(fontspec)             doesn't exist).


Package fontspec Info: Could not resolve font "STFangsong/B" (it probably
(fontspec)             doesn't exist).


Package fontspec Info: Could not resolve font "STFangsong/I" (it probably
(fontspec)             doesn't exist).

LaTeX Font Info:    Trying to load font information for TU+pxtt on input line 244.
LaTeX Font Info:    No file TUpxtt.fd. on input line 244.

LaTeX Font Warning: Font shape `TU/pxtt/m/n' undefined
(Font)              using `TU/lmr/m/n' instead on input line 244.


Package fontspec Info: Font family 'STFangsong(0)' created for font
(fontspec)             'STFangsong' with options [Script={CJK}].
(fontspec)              
(fontspec)              This font family consists of the following NFSS
(fontspec)             series/shapes:
(fontspec)              
(fontspec)             - 'normal' (m/n) with NFSS spec.:
(fontspec)             <->"STFangsong/OT:language=dflt;"
(fontspec)             - 'small caps'  (m/sc) with NFSS spec.: 

[3]
Underfull \vbox (badness 10000) has occurred while \output is active []



LaTeX Font Warning: Font shape `TU/pxr/m/sl' undefined
(Font)              using `TU/pxr/m/it' instead on input line 290.


LaTeX Font Warning: Font shape `TU/pxr/m/sl' undefined
(Font)              using `TU/pxr/m/it' instead on input line 290.


LaTeX Font Warning: Font shape `TU/pxr/m/sl' undefined
(Font)              using `TU/pxr/m/it' instead on input line 290.


LaTeX Font Warning: Font shape `TU/pxr/m/sl' undefined
(Font)              using `TU/pxr/m/it' instead on input line 291.


LaTeX Font Warning: Font shape `TU/pxr/m/sl' undefined
(Font)              using `TU/pxr/m/it' instead on input line 291.


LaTeX Font Warning: Font shape `TU/pxr/m/sl' undefined
(Font)              using `TU/pxr/m/it' instead on input line 291.


LaTeX Font Warning: Font shape `TU/pxr/m/sl' undefined
(Font)              using `TU/pxr/m/it' instead on input line 292.


LaTeX Font Warning: Font shape `TU/pxr/m/sl' undefined
(Font)              using `TU/pxr/m/it' instead on input line 292.


LaTeX Font Warning: Font shape `TU/pxr/m/sl' undefined
(Font)              using `TU/pxr/m/it' instead on input line 292.


LaTeX Font Warning: Font shape `TU/pxr/m/sl' undefined
(Font)              using `TU/pxr/m/it' instead on input line 293.


LaTeX Font Warning: Font shape `TU/pxr/m/sl' undefined
(Font)              using `TU/pxr/m/it' instead on input line 293.


LaTeX Font Warning: Font shape `TU/pxr/m/sl' undefined
(Font)              using `TU/pxr/m/it' instead on input line 293.


LaTeX Font Warning: Font shape `TU/pxr/m/sl' undefined
(Font)              using `TU/pxr/m/it' instead on input line 294.


LaTeX Font Warning: Font shape `TU/pxr/m/sl' undefined
(Font)              using `TU/pxr/m/it' instead on input line 294.


LaTeX Font Warning: Font shape `TU/pxr/m/sl' undefined
(Font)              using `TU/pxr/m/it' instead on input line 294.


LaTeX Font Warning: Font shape `TU/pxr/m/sl' undefined
(Font)              using `TU/pxr/m/it' instead on input line 295.


LaTeX Font Warning: Font shape `TU/pxr/m/sl' undefined
(Font)              using `TU/pxr/m/it' instead on input line 295.


LaTeX Font Warning: Font shape `TU/pxr/m/sl' undefined
(Font)              using `TU/pxr/m/it' instead on input line 295.


LaTeX Font Warning: Font shape `TU/pxr/m/sl' undefined
(Font)              using `TU/pxr/m/it' instead on input line 296.


LaTeX Font Warning: Font shape `TU/pxr/m/sl' undefined
(Font)              using `TU/pxr/m/it' instead on input line 296.


LaTeX Font Warning: Font shape `TU/pxr/m/sl' undefined
(Font)              using `TU/pxr/m/it' instead on input line 296.


LaTeX Font Warning: Font shape `TU/pxr/m/sl' undefined
(Font)              using `TU/pxr/m/it' instead on input line 297.


LaTeX Font Warning: Font shape `TU/pxr/m/sl' undefined
(Font)              using `TU/pxr/m/it' instead on input line 297.


LaTeX Font Warning: Font shape `TU/pxr/m/sl' undefined
(Font)              using `TU/pxr/m/it' instead on input line 297.


LaTeX Font Warning: Font shape `TU/pxr/m/sl' undefined
(Font)              using `TU/pxr/m/it' instead on input line 298.


LaTeX Font Warning: Font shape `TU/pxr/m/sl' undefined
(Font)              using `TU/pxr/m/it' instead on input line 298.


LaTeX Font Warning: Font shape `TU/pxr/m/sl' undefined
(Font)              using `TU/pxr/m/it' instead on input line 298.


LaTeX Font Warning: Font shape `TU/pxr/m/sl' undefined
(Font)              using `TU/pxr/m/it' instead on input line 304.


LaTeX Font Warning: Font shape `TU/pxr/m/sl' undefined
(Font)              using `TU/pxr/m/it' instead on input line 304.


LaTeX Font Warning: Font shape `TU/pxr/m/sl' undefined
(Font)              using `TU/pxr/m/it' instead on input line 304.


LaTeX Font Warning: Font shape `TU/pxr/m/sl' undefined
(Font)              using `TU/pxr/m/it' instead on input line 304.


LaTeX Font Warning: Font shape `TU/pxr/m/sl' undefined
(Font)              using `TU/pxr/m/it' instead on input line 304.


LaTeX Font Warning: Font shape `TU/pxr/m/sl' undefined
(Font)              using `TU/pxr/m/it' instead on input line 304.


LaTeX Font Warning: Font shape `TU/pxr/m/sl' undefined
(Font)              using `TU/pxr/m/it' instead on input line 304.


LaTeX Font Warning: Font shape `TU/pxr/m/sl' undefined
(Font)              using `TU/pxr/m/it' instead on input line 304.


LaTeX Font Warning: Font shape `TU/pxr/m/sl' undefined
(Font)              using `TU/pxr/m/it' instead on input line 310.


LaTeX Font Warning: Font shape `TU/pxr/m/sl' undefined
(Font)              using `TU/pxr/m/it' instead on input line 310.


LaTeX Font Warning: Font shape `TU/pxr/m/sl' undefined
(Font)              using `TU/pxr/m/it' instead on input line 310.


LaTeX Font Warning: Font shape `TU/pxr/m/sl' undefined
(Font)              using `TU/pxr/m/it' instead on input line 310.


LaTeX Font Warning: Font shape `TU/pxr/m/sl' undefined
(Font)              using `TU/pxr/m/it' instead on input line 310.


LaTeX Font Warning: Font shape `TU/pxr/m/sl' undefined
(Font)              using `TU/pxr/m/it' instead on input line 310.


LaTeX Font Warning: Font shape `TU/pxr/m/sl' undefined
(Font)              using `TU/pxr/m/it' instead on input line 310.


LaTeX Font Warning: Font shape `TU/pxr/m/sl' undefined
(Font)              using `TU/pxr/m/it' instead on input line 310.


LaTeX Font Warning: Font shape `TU/pxr/m/sl' undefined
(Font)              using `TU/pxr/m/it' instead on input line 316.


LaTeX Font Warning: Font shape `TU/pxr/m/sl' undefined
(Font)              using `TU/pxr/m/it' instead on input line 316.


LaTeX Font Warning: Font shape `TU/pxr/m/sl' undefined
(Font)              using `TU/pxr/m/it' instead on input line 316.


LaTeX Font Warning: Font shape `TU/pxr/m/sl' undefined
(Font)              using `TU/pxr/m/it' instead on input line 316.


LaTeX Font Warning: Font shape `TU/pxr/m/sl' undefined
(Font)              using `TU/pxr/m/it' instead on input line 316.


LaTeX Font Warning: Font shape `TU/pxr/m/sl' undefined
(Font)              using `TU/pxr/m/it' instead on input line 316.


LaTeX Font Warning: Font shape `TU/pxr/m/sl' undefined
(Font)              using `TU/pxr/m/it' instead on input line 316.


LaTeX Font Warning: Font shape `TU/pxr/m/sl' undefined
(Font)              using `TU/pxr/m/it' instead on input line 316.


LaTeX Font Warning: Font shape `TU/pxr/m/sl' undefined
(Font)              using `TU/pxr/m/it' instead on input line 322.


LaTeX Font Warning: Font shape `TU/pxr/m/sl' undefined
(Font)              using `TU/pxr/m/it' instead on input line 322.


LaTeX Font Warning: Font shape `TU/pxr/m/sl' undefined
(Font)              using `TU/pxr/m/it' instead on input line 322.


LaTeX Font Warning: Font shape `TU/pxr/m/sl' undefined
(Font)              using `TU/pxr/m/it' instead on input line 322.


LaTeX Font Warning: Font shape `TU/pxr/m/sl' undefined
(Font)              using `TU/pxr/m/it' instead on input line 322.


LaTeX Font Warning: Font shape `TU/pxr/m/sl' undefined
(Font)              using `TU/pxr/m/it' instead on input line 322.


LaTeX Font Warning: Font shape `TU/pxr/m/sl' undefined
(Font)              using `TU/pxr/m/it' instead on input line 322.


LaTeX Font Warning: Font shape `TU/pxr/m/sl' undefined
(Font)              using `TU/pxr/m/it' instead on input line 322.


Underfull \vbox (badness 10000) has occurred while \output is active []

 [4]

LaTeX Font Warning: Font shape `TU/pxr/m/sl' undefined
(Font)              using `TU/pxr/m/it' instead on input line 328.


LaTeX Font Warning: Font shape `TU/pxr/m/sl' undefined
(Font)              using `TU/pxr/m/it' instead on input line 328.


LaTeX Font Warning: Font shape `TU/pxr/m/sl' undefined
(Font)              using `TU/pxr/m/it' instead on input line 328.


LaTeX Font Warning: Font shape `TU/pxr/m/sl' undefined
(Font)              using `TU/pxr/m/it' instead on input line 328.


LaTeX Font Warning: Font shape `TU/pxr/m/sl' undefined
(Font)              using `TU/pxr/m/it' instead on input line 328.


LaTeX Font Warning: Font shape `TU/pxr/m/sl' undefined
(Font)              using `TU/pxr/m/it' instead on input line 328.


LaTeX Font Warning: Font shape `TU/pxr/m/sl' undefined
(Font)              using `TU/pxr/m/it' instead on input line 328.


LaTeX Font Warning: Font shape `TU/pxr/m/sl' undefined
(Font)              using `TU/pxr/m/it' instead on input line 328.


LaTeX Font Warning: Font shape `TU/pxr/m/sl' undefined
(Font)              using `TU/pxr/m/it' instead on input line 334.


LaTeX Font Warning: Font shape `TU/pxr/m/sl' undefined
(Font)              using `TU/pxr/m/it' instead on input line 334.


LaTeX Font Warning: Font shape `TU/pxr/m/sl' undefined
(Font)              using `TU/pxr/m/it' instead on input line 334.


LaTeX Font Warning: Font shape `TU/pxr/m/sl' undefined
(Font)              using `TU/pxr/m/it' instead on input line 334.


LaTeX Font Warning: Font shape `TU/pxr/m/sl' undefined
(Font)              using `TU/pxr/m/it' instead on input line 334.


LaTeX Font Warning: Font shape `TU/pxr/m/sl' undefined
(Font)              using `TU/pxr/m/it' instead on input line 334.


LaTeX Font Warning: Font shape `TU/pxr/m/sl' undefined
(Font)              using `TU/pxr/m/it' instead on input line 334.


LaTeX Font Warning: Font shape `TU/pxr/m/sl' undefined
(Font)              using `TU/pxr/m/it' instead on input line 334.


LaTeX Font Warning: Font shape `TU/pxr/m/sl' undefined
(Font)              using `TU/pxr/m/it' instead on input line 340.


LaTeX Font Warning: Font shape `TU/pxr/m/sl' undefined
(Font)              using `TU/pxr/m/it' instead on input line 340.


LaTeX Font Warning: Font shape `TU/pxr/m/sl' undefined
(Font)              using `TU/pxr/m/it' instead on input line 340.


LaTeX Font Warning: Font shape `TU/pxr/m/sl' undefined
(Font)              using `TU/pxr/m/it' instead on input line 340.


LaTeX Font Warning: Font shape `TU/pxr/m/sl' undefined
(Font)              using `TU/pxr/m/it' instead on input line 340.


LaTeX Font Warning: Font shape `TU/pxr/m/sl' undefined
(Font)              using `TU/pxr/m/it' instead on input line 340.


LaTeX Font Warning: Font shape `TU/pxr/m/sl' undefined
(Font)              using `TU/pxr/m/it' instead on input line 340.


LaTeX Font Warning: Font shape `TU/pxr/m/sl' undefined
(Font)              using `TU/pxr/m/it' instead on input line 340.


LaTeX Font Warning: Font shape `TU/pxr/m/sl' undefined
(Font)              using `TU/pxr/m/it' instead on input line 346.


LaTeX Font Warning: Font shape `TU/pxr/m/sl' undefined
(Font)              using `TU/pxr/m/it' instead on input line 346.


LaTeX Font Warning: Font shape `TU/pxr/m/sl' undefined
(Font)              using `TU/pxr/m/it' instead on input line 346.


LaTeX Font Warning: Font shape `TU/pxr/m/sl' undefined
(Font)              using `TU/pxr/m/it' instead on input line 346.


LaTeX Font Warning: Font shape `TU/pxr/m/sl' undefined
(Font)              using `TU/pxr/m/it' instead on input line 346.


LaTeX Font Warning: Font shape `TU/pxr/m/sl' undefined
(Font)              using `TU/pxr/m/it' instead on input line 346.


LaTeX Font Warning: Font shape `TU/pxr/m/sl' undefined
(Font)              using `TU/pxr/m/it' instead on input line 346.


LaTeX Font Warning: Font shape `TU/pxr/m/sl' undefined
(Font)              using `TU/pxr/m/it' instead on input line 346.


LaTeX Font Warning: Font shape `TU/pxr/m/sl' undefined
(Font)              using `TU/pxr/m/it' instead on input line 352.


LaTeX Font Warning: Font shape `TU/pxr/m/sl' undefined
(Font)              using `TU/pxr/m/it' instead on input line 352.


LaTeX Font Warning: Font shape `TU/pxr/m/sl' undefined
(Font)              using `TU/pxr/m/it' instead on input line 352.


LaTeX Font Warning: Font shape `TU/pxr/m/sl' undefined
(Font)              using `TU/pxr/m/it' instead on input line 352.


LaTeX Font Warning: Font shape `TU/pxr/m/sl' undefined
(Font)              using `TU/pxr/m/it' instead on input line 352.


LaTeX Font Warning: Font shape `TU/pxr/m/sl' undefined
(Font)              using `TU/pxr/m/it' instead on input line 352.


LaTeX Font Warning: Font shape `TU/pxr/m/sl' undefined
(Font)              using `TU/pxr/m/it' instead on input line 352.


LaTeX Font Warning: Font shape `TU/pxr/m/sl' undefined
(Font)              using `TU/pxr/m/it' instead on input line 352.


LaTeX Font Warning: Font shape `TU/pxr/m/sl' undefined
(Font)              using `TU/pxr/m/it' instead on input line 354.


LaTeX Font Warning: Font shape `TU/pxr/m/sl' undefined
(Font)              using `TU/pxr/m/it' instead on input line 354.


LaTeX Font Warning: Font shape `TU/pxr/m/sl' undefined
(Font)              using `TU/pxr/m/it' instead on input line 354.


LaTeX Font Warning: Font shape `TU/pxr/m/sl' undefined
(Font)              using `TU/pxr/m/it' instead on input line 354.


LaTeX Font Warning: Font shape `TU/pxr/m/sl' undefined
(Font)              using `TU/pxr/m/it' instead on input line 354.


LaTeX Font Warning: Font shape `TU/pxr/m/sl' undefined
(Font)              using `TU/pxr/m/it' instead on input line 354.


LaTeX Font Warning: Font shape `TU/pxr/m/sl' undefined
(Font)              using `TU/pxr/m/it' instead on input line 354.


LaTeX Font Warning: Font shape `TU/pxr/m/sl' undefined
(Font)              using `TU/pxr/m/it' instead on input line 354.


LaTeX Font Warning: Font shape `TU/pxr/m/sl' undefined
(Font)              using `TU/pxr/m/it' instead on input line 354.


LaTeX Font Warning: Font shape `TU/pxr/m/sl' undefined
(Font)              using `TU/pxr/m/it' instead on input line 354.


LaTeX Font Warning: Font shape `TU/pxr/m/sl' undefined
(Font)              using `TU/pxr/m/it' instead on input line 354.


LaTeX Font Warning: Font shape `TU/pxr/m/sl' undefined
(Font)              using `TU/pxr/m/it' instead on input line 354.


LaTeX Font Warning: Font shape `TU/pxr/m/sl' undefined
(Font)              using `TU/pxr/m/it' instead on input line 354.


LaTeX Font Warning: Font shape `TU/pxr/m/sl' undefined
(Font)              using `TU/pxr/m/it' instead on input line 354.


LaTeX Font Warning: Font shape `TU/pxr/m/sl' undefined
(Font)              using `TU/pxr/m/it' instead on input line 354.


LaTeX Font Warning: Font shape `TU/pxr/m/sl' undefined
(Font)              using `TU/pxr/m/it' instead on input line 354.


LaTeX Font Warning: Font shape `TU/pxr/m/sl' undefined
(Font)              using `TU/pxr/m/it' instead on input line 354.


LaTeX Font Warning: Font shape `TU/pxr/m/sl' undefined
(Font)              using `TU/pxr/m/it' instead on input line 354.


LaTeX Font Warning: Font shape `TU/pxr/m/sl' undefined
(Font)              using `TU/pxr/m/it' instead on input line 354.


LaTeX Font Warning: Font shape `TU/pxr/m/sl' undefined
(Font)              using `TU/pxr/m/it' instead on input line 354.


LaTeX Font Warning: Font shape `TU/pxr/m/sl' undefined
(Font)              using `TU/pxr/m/it' instead on input line 354.


LaTeX Font Warning: Font shape `TU/pxr/m/sl' undefined
(Font)              using `TU/pxr/m/it' instead on input line 354.


LaTeX Font Warning: Font shape `TU/pxr/m/sl' undefined
(Font)              using `TU/pxr/m/it' instead on input line 354.


LaTeX Font Warning: Font shape `TU/pxr/m/sl' undefined
(Font)              using `TU/pxr/m/it' instead on input line 354.


Underfull \vbox (badness 10000) has occurred while \output is active []



** Conference Paper **
Before submitting the final camera ready copy, remember to:

 1. Manually equalize the lengths of two columns on the last page
 of your paper;

 2. Ensure that any PostScript and/or PDF output post-processing
 uses only Type 1 fonts and that every step in the generation
 process uses the appropriate paper size.

[5] (./第二次实验报告.aux)

LaTeX Font Warning: Some font shapes were not available, defaults substituted.

 ) 
Here is how much of TeX's memory you used:
 11044 strings out of 476919
 249786 string characters out of 5821840
 1069482 words of memory out of 5000000
 30846 multiletter control sequences out of 15000+600000
 415782 words of font info for 104 fonts, out of 8000000 for 9000
 1348 hyphenation exceptions out of 8191
 101i,16n,104p,364b,1015s stack positions out of 5000i,500n,10000p,200000b,80000s

Output written on 第二次实验报告.pdf (5 pages).
